TN:
SF:/Users/crcn/Developer/public/crudlet-pubnub/lib/index.js
FN:6,(anonymous_1)
FN:24,createStream
FN:28,(anonymous_3)
FN:47,addChannel
FN:51,(anonymous_5)
FN:62,(anonymous_6)
FN:75,tail
FN:77,(anonymous_8)
FNF:8
FNH:5
FNDA:3,(anonymous_1)
FNDA:5,createStream
FNDA:5,(anonymous_3)
FNDA:2,addChannel
FNDA:0,(anonymous_5)
FNDA:4,(anonymous_6)
FNDA:0,tail
FNDA:0,(anonymous_8)
DA:1,1
DA:2,1
DA:3,1
DA:4,1
DA:6,1
DA:8,3
DA:10,3
DA:12,3
DA:17,3
DA:18,3
DA:20,3
DA:21,2
DA:24,1
DA:25,5
DA:26,5
DA:28,5
DA:30,5
DA:31,0
DA:34,5
DA:35,4
DA:36,4
DA:37,4
DA:41,5
DA:44,5
DA:47,1
DA:49,2
DA:52,0
DA:53,0
DA:54,0
DA:55,0
DA:61,2
DA:63,4
DA:71,3
DA:73,3
DA:75,1
DA:76,0
DA:77,0
LF:37
LH:30
BRDA:1,1,0,0
BRDA:1,1,1,1
BRDA:8,2,0,3
BRDA:8,2,1,0
BRDA:12,3,0,3
BRDA:12,3,1,0
BRDA:20,4,0,2
BRDA:20,4,1,1
BRDA:25,5,0,5
BRDA:25,5,1,0
BRDA:30,6,0,0
BRDA:30,6,1,5
BRDA:34,7,0,4
BRDA:34,7,1,1
BRDA:34,8,0,5
BRDA:34,8,1,5
BRDA:52,9,0,0
BRDA:52,9,1,0
BRDA:54,10,0,0
BRDA:54,10,1,0
BRDA:77,11,0,0
BRDA:77,11,1,0
BRF:22
BRH:11
end_of_record
